2020-04-19 11:18:11,801 INFO org.springframework.boot.StartupInfoLogger [restartedMain] Starting ELearningApplication on Dhinesh-PC with PID 20560 (C:\Users\vicky\Projects\CottonConnect\web\Server\E-Learning\target\classes started by vicky in C:\Users\vicky\Projects\CottonConnect\web\Server\E-Learning)
2020-04-19 11:18:11,812 INFO org.springframework.boot.SpringApplication [restartedMain] The following profiles are active: dev
2020-04-19 11:18:11,957 INFO org.springframework.boot.logging.DeferredLog [restartedMain] The Class-Path manifest attribute in C:\Users\vicky\.m2\repository\org\glassfish\jaxb\jaxb-runtime\2.3.2\jaxb-runtime-2.3.2.jar referenced one or more files that do not exist: file:/C:/Users/vicky/.m2/repository/org/glassfish/jaxb/jaxb-runtime/2.3.2/jakarta.xml.bind-api-2.3.2.jar,file:/C:/Users/vicky/.m2/repository/org/glassfish/jaxb/jaxb-runtime/2.3.2/txw2-2.3.2.jar,file:/C:/Users/vicky/.m2/repository/org/glassfish/jaxb/jaxb-runtime/2.3.2/istack-commons-runtime-3.0.8.jar,file:/C:/Users/vicky/.m2/repository/org/glassfish/jaxb/jaxb-runtime/2.3.2/stax-ex-1.8.1.jar,file:/C:/Users/vicky/.m2/repository/org/glassfish/jaxb/jaxb-runtime/2.3.2/FastInfoset-1.2.16.jar,file:/C:/Users/vicky/.m2/repository/org/glassfish/jaxb/jaxb-runtime/2.3.2/jakarta.activation-api-1.2.1.jar
2020-04-19 11:18:11,958 INFO org.springframework.boot.logging.DeferredLog [restartedMain] Devtools property defaults active! Set 'spring.devtools.add-properties' to 'false' to disable
2020-04-19 11:18:11,959 INFO org.springframework.boot.logging.DeferredLog [restartedMain] For additional web related logging consider setting the 'logging.level.web' property to 'DEBUG'
2020-04-19 11:18:14,253 INFO org.springframework.data.repository.config.RepositoryConfigurationDelegate [restartedMain] Bootstrapping Spring Data JPA repositories in DEFAULT mode.
2020-04-19 11:18:14,545 INFO org.springframework.data.repository.config.RepositoryConfigurationDelegate [restartedMain] Finished Spring Data repository scanning in 273ms. Found 11 JPA repository interfaces.
2020-04-19 11:18:15,839 INFO org.springframework.boot.web.embedded.tomcat.TomcatWebServer [restartedMain] Tomcat initialized with port(s): 8001 (http)
2020-04-19 11:18:15,853 INFO org.apache.juli.logging.DirectJDKLog [restartedMain] Initializing ProtocolHandler ["http-nio-8001"]
2020-04-19 11:18:15,857 INFO org.apache.juli.logging.DirectJDKLog [restartedMain] Starting service [Tomcat]
2020-04-19 11:18:15,858 INFO org.apache.juli.logging.DirectJDKLog [restartedMain] Starting Servlet engine: [Apache Tomcat/9.0.33]
2020-04-19 11:18:16,090 INFO org.apache.juli.logging.DirectJDKLog [restartedMain] Initializing Spring embedded WebApplicationContext
2020-04-19 11:18:16,091 INFO org.springframework.boot.web.servlet.context.ServletWebServerApplicationContext [restartedMain] Root WebApplicationContext: initialization completed in 4132 ms
2020-04-19 11:18:16,466 INFO org.hibernate.jpa.internal.util.LogHelper [restartedMain] HHH000204: Processing PersistenceUnitInfo [name: default]
2020-04-19 11:18:16,603 INFO org.hibernate.Version [restartedMain] HHH000412: Hibernate ORM core version 5.4.12.Final
2020-04-19 11:18:17,010 INFO org.hibernate.annotations.common.reflection.java.JavaReflectionManager [restartedMain] HCANN000001: Hibernate Commons Annotations {5.1.0.Final}
2020-04-19 11:18:17,226 INFO com.zaxxer.hikari.HikariDataSource [restartedMain] HikariPool-1 - Starting...
2020-04-19 11:18:17,429 INFO com.zaxxer.hikari.HikariDataSource [restartedMain] HikariPool-1 - Start completed.
2020-04-19 11:18:17,466 INFO org.hibernate.dialect.Dialect [restartedMain] HHH000400: Using dialect: org.hibernate.dialect.PostgreSQL10Dialect
2020-04-19 11:18:20,550 INFO org.hibernate.engine.transaction.jta.platform.internal.JtaPlatformInitiator [restartedMain] HHH000490: Using JtaPlatform implementation: [org.hibernate.engine.transaction.jta.platform.internal.NoJtaPlatform]
2020-04-19 11:18:20,563 INFO org.springframework.orm.jpa.AbstractEntityManagerFactoryBean [restartedMain] Initialized JPA EntityManagerFactory for persistence unit 'default'
2020-04-19 11:18:20,624 INFO org.springframework.boot.devtools.autoconfigure.OptionalLiveReloadServer [restartedMain] LiveReload server is running on port 35729
2020-04-19 11:18:21,758 WARN org.springframework.boot.autoconfigure.orm.jpa.JpaBaseConfiguration$JpaWebConfiguration [restartedMain] spring.jpa.open-in-view is enabled by default. Therefore, database queries may be performed during view rendering. Explicitly configure spring.jpa.open-in-view to disable this warning
2020-04-19 11:18:22,368 INFO org.apache.juli.logging.DirectJDKLog [restartedMain] Starting ProtocolHandler ["http-nio-8001"]
2020-04-19 11:18:22,416 INFO org.springframework.boot.web.embedded.tomcat.TomcatWebServer [restartedMain] Tomcat started on port(s): 8001 (http) with context path ''
2020-04-19 11:18:22,424 INFO org.springframework.boot.StartupInfoLogger [restartedMain] Started ELearningApplication in 11.646 seconds (JVM running for 13.611)
2020-04-19 11:18:24,393 INFO org.springframework.boot.admin.SpringApplicationAdminMXBeanRegistrar$SpringApplicationAdmin [RMI TCP Connection(8)-127.0.0.1] Application shutdown requested.
2020-04-19 11:18:24,403 INFO org.springframework.orm.jpa.AbstractEntityManagerFactoryBean [RMI TCP Connection(8)-127.0.0.1] Closing JPA EntityManagerFactory for persistence unit 'default'
2020-04-19 11:18:24,410 INFO com.zaxxer.hikari.HikariDataSource [RMI TCP Connection(8)-127.0.0.1] HikariPool-1 - Shutdown initiated...
2020-04-19 11:18:24,419 INFO com.zaxxer.hikari.HikariDataSource [RMI TCP Connection(8)-127.0.0.1] HikariPool-1 - Shutdown completed.
