2020-05-21 20:11:29,206 INFO org.springframework.boot.StartupInfoLogger [restartedMain] Starting ELearningApplication on Dhinesh-PC with PID 3820 (C:\Users\vicky\Projects\CottonConnect\web\Server\E-Learning\target\classes started by vicky in C:\Users\vicky\Projects\CottonConnect\web\Server\E-Learning)
2020-05-21 20:11:29,216 INFO org.springframework.boot.SpringApplication [restartedMain] No active profile set, falling back to default profiles: default
2020-05-21 20:11:29,313 INFO org.springframework.boot.logging.DeferredLog [restartedMain] The Class-Path manifest attribute in C:\Users\vicky\.m2\repository\org\glassfish\jaxb\jaxb-runtime\2.3.2\jaxb-runtime-2.3.2.jar referenced one or more files that do not exist: file:/C:/Users/vicky/.m2/repository/org/glassfish/jaxb/jaxb-runtime/2.3.2/jakarta.xml.bind-api-2.3.2.jar,file:/C:/Users/vicky/.m2/repository/org/glassfish/jaxb/jaxb-runtime/2.3.2/txw2-2.3.2.jar,file:/C:/Users/vicky/.m2/repository/org/glassfish/jaxb/jaxb-runtime/2.3.2/istack-commons-runtime-3.0.8.jar,file:/C:/Users/vicky/.m2/repository/org/glassfish/jaxb/jaxb-runtime/2.3.2/stax-ex-1.8.1.jar,file:/C:/Users/vicky/.m2/repository/org/glassfish/jaxb/jaxb-runtime/2.3.2/FastInfoset-1.2.16.jar,file:/C:/Users/vicky/.m2/repository/org/glassfish/jaxb/jaxb-runtime/2.3.2/jakarta.activation-api-1.2.1.jar
2020-05-21 20:11:29,314 INFO org.springframework.boot.logging.DeferredLog [restartedMain] Devtools property defaults active! Set 'spring.devtools.add-properties' to 'false' to disable
2020-05-21 20:11:29,315 INFO org.springframework.boot.logging.DeferredLog [restartedMain] For additional web related logging consider setting the 'logging.level.web' property to 'DEBUG'
2020-05-21 20:11:31,506 INFO org.springframework.data.repository.config.RepositoryConfigurationDelegate [restartedMain] Bootstrapping Spring Data JPA repositories in DEFAULT mode.
2020-05-21 20:11:31,737 INFO org.springframework.data.repository.config.RepositoryConfigurationDelegate [restartedMain] Finished Spring Data repository scanning in 216ms. Found 32 JPA repository interfaces.
2020-05-21 20:11:32,640 INFO org.springframework.boot.web.embedded.tomcat.TomcatWebServer [restartedMain] Tomcat initialized with port(s): 5000 (http)
2020-05-21 20:11:32,651 INFO org.apache.juli.logging.DirectJDKLog [restartedMain] Initializing ProtocolHandler ["http-nio-5000"]
2020-05-21 20:11:32,652 INFO org.apache.juli.logging.DirectJDKLog [restartedMain] Starting service [Tomcat]
2020-05-21 20:11:32,653 INFO org.apache.juli.logging.DirectJDKLog [restartedMain] Starting Servlet engine: [Apache Tomcat/9.0.33]
2020-05-21 20:11:32,801 INFO org.apache.juli.logging.DirectJDKLog [restartedMain] Initializing Spring embedded WebApplicationContext
2020-05-21 20:11:32,801 INFO org.springframework.boot.web.servlet.context.ServletWebServerApplicationContext [restartedMain] Root WebApplicationContext: initialization completed in 3486 ms
2020-05-21 20:11:33,191 INFO org.hibernate.jpa.internal.util.LogHelper [restartedMain] HHH000204: Processing PersistenceUnitInfo [name: default]
2020-05-21 20:11:33,304 INFO org.hibernate.Version [restartedMain] HHH000412: Hibernate ORM core version 5.4.12.Final
2020-05-21 20:11:33,588 INFO org.hibernate.annotations.common.reflection.java.JavaReflectionManager [restartedMain] HCANN000001: Hibernate Commons Annotations {5.1.0.Final}
2020-05-21 20:11:33,725 INFO com.zaxxer.hikari.HikariDataSource [restartedMain] HikariPool-1 - Starting...
2020-05-21 20:11:33,880 INFO com.zaxxer.hikari.HikariDataSource [restartedMain] HikariPool-1 - Start completed.
2020-05-21 20:11:33,912 INFO org.hibernate.dialect.Dialect [restartedMain] HHH000400: Using dialect: org.hibernate.dialect.PostgreSQL10Dialect
2020-05-21 20:11:36,255 INFO org.hibernate.engine.transaction.jta.platform.internal.JtaPlatformInitiator [restartedMain] HHH000490: Using JtaPlatform implementation: [org.hibernate.engine.transaction.jta.platform.internal.NoJtaPlatform]
2020-05-21 20:11:36,266 INFO org.springframework.orm.jpa.AbstractEntityManagerFactoryBean [restartedMain] Initialized JPA EntityManagerFactory for persistence unit 'default'
2020-05-21 20:11:36,305 INFO org.springframework.boot.devtools.autoconfigure.OptionalLiveReloadServer [restartedMain] LiveReload server is running on port 35729
2020-05-21 20:11:37,392 WARN org.springframework.boot.autoconfigure.orm.jpa.JpaBaseConfiguration$JpaWebConfiguration [restartedMain] spring.jpa.open-in-view is enabled by default. Therefore, database queries may be performed during view rendering. Explicitly configure spring.jpa.open-in-view to disable this warning
2020-05-21 20:11:37,872 INFO org.apache.juli.logging.DirectJDKLog [restartedMain] Starting ProtocolHandler ["http-nio-5000"]
2020-05-21 20:11:37,907 INFO org.springframework.boot.web.embedded.tomcat.TomcatWebServer [restartedMain] Tomcat started on port(s): 5000 (http) with context path ''
2020-05-21 20:11:37,912 INFO org.springframework.boot.StartupInfoLogger [restartedMain] Started ELearningApplication in 9.661 seconds (JVM running for 15.229)
2020-05-21 20:20:01,280 INFO org.springframework.orm.jpa.AbstractEntityManagerFactoryBean [Thread-7] Closing JPA EntityManagerFactory for persistence unit 'default'
2020-05-21 20:20:01,287 INFO com.zaxxer.hikari.HikariDataSource [Thread-7] HikariPool-1 - Shutdown initiated...
2020-05-21 20:20:01,295 INFO com.zaxxer.hikari.HikariDataSource [Thread-7] HikariPool-1 - Shutdown completed.
2020-05-21 20:20:01,859 INFO org.springframework.boot.StartupInfoLogger [restartedMain] Starting ELearningApplication on Dhinesh-PC with PID 3820 (C:\Users\vicky\Projects\CottonConnect\web\Server\E-Learning\target\classes started by vicky in C:\Users\vicky\Projects\CottonConnect\web\Server\E-Learning)
2020-05-21 20:20:01,860 INFO org.springframework.boot.SpringApplication [restartedMain] No active profile set, falling back to default profiles: default
2020-05-21 21:51:24,822 INFO org.springframework.boot.StartupInfoLogger [restartedMain] Starting ELearningApplication on Dhinesh-PC with PID 16704 (C:\Users\vicky\Projects\CottonConnect\web\Server\E-Learning\target\classes started by vicky in C:\Users\vicky\Projects\CottonConnect\web\Server\E-Learning)
2020-05-21 21:51:24,828 INFO org.springframework.boot.SpringApplication [restartedMain] No active profile set, falling back to default profiles: default
2020-05-21 21:51:24,884 INFO org.springframework.boot.logging.DeferredLog [restartedMain] The Class-Path manifest attribute in C:\Users\vicky\.m2\repository\org\glassfish\jaxb\jaxb-runtime\2.3.2\jaxb-runtime-2.3.2.jar referenced one or more files that do not exist: file:/C:/Users/vicky/.m2/repository/org/glassfish/jaxb/jaxb-runtime/2.3.2/jakarta.xml.bind-api-2.3.2.jar,file:/C:/Users/vicky/.m2/repository/org/glassfish/jaxb/jaxb-runtime/2.3.2/txw2-2.3.2.jar,file:/C:/Users/vicky/.m2/repository/org/glassfish/jaxb/jaxb-runtime/2.3.2/istack-commons-runtime-3.0.8.jar,file:/C:/Users/vicky/.m2/repository/org/glassfish/jaxb/jaxb-runtime/2.3.2/stax-ex-1.8.1.jar,file:/C:/Users/vicky/.m2/repository/org/glassfish/jaxb/jaxb-runtime/2.3.2/FastInfoset-1.2.16.jar,file:/C:/Users/vicky/.m2/repository/org/glassfish/jaxb/jaxb-runtime/2.3.2/jakarta.activation-api-1.2.1.jar
2020-05-21 21:51:24,884 INFO org.springframework.boot.logging.DeferredLog [restartedMain] Devtools property defaults active! Set 'spring.devtools.add-properties' to 'false' to disable
2020-05-21 21:51:24,884 INFO org.springframework.boot.logging.DeferredLog [restartedMain] For additional web related logging consider setting the 'logging.level.web' property to 'DEBUG'
2020-05-21 21:51:26,445 INFO org.springframework.data.repository.config.RepositoryConfigurationDelegate [restartedMain] Bootstrapping Spring Data JPA repositories in DEFAULT mode.
2020-05-21 21:51:26,690 INFO org.springframework.data.repository.config.RepositoryConfigurationDelegate [restartedMain] Finished Spring Data repository scanning in 233ms. Found 33 JPA repository interfaces.
2020-05-21 21:51:27,445 INFO org.springframework.boot.web.embedded.tomcat.TomcatWebServer [restartedMain] Tomcat initialized with port(s): 5000 (http)
2020-05-21 21:51:27,454 INFO org.apache.juli.logging.DirectJDKLog [restartedMain] Initializing ProtocolHandler ["http-nio-5000"]
2020-05-21 21:51:27,455 INFO org.apache.juli.logging.DirectJDKLog [restartedMain] Starting service [Tomcat]
2020-05-21 21:51:27,456 INFO org.apache.juli.logging.DirectJDKLog [restartedMain] Starting Servlet engine: [Apache Tomcat/9.0.33]
2020-05-21 21:51:27,597 INFO org.apache.juli.logging.DirectJDKLog [restartedMain] Initializing Spring embedded WebApplicationContext
2020-05-21 21:51:27,598 INFO org.springframework.boot.web.servlet.context.ServletWebServerApplicationContext [restartedMain] Root WebApplicationContext: initialization completed in 2712 ms
2020-05-21 21:51:27,884 INFO org.hibernate.jpa.internal.util.LogHelper [restartedMain] HHH000204: Processing PersistenceUnitInfo [name: default]
2020-05-21 21:51:27,979 INFO org.hibernate.Version [restartedMain] HHH000412: Hibernate ORM core version 5.4.12.Final
2020-05-21 21:51:28,152 INFO org.hibernate.annotations.common.reflection.java.JavaReflectionManager [restartedMain] HCANN000001: Hibernate Commons Annotations {5.1.0.Final}
2020-05-21 21:51:28,293 INFO com.zaxxer.hikari.HikariDataSource [restartedMain] HikariPool-1 - Starting...
2020-05-21 21:51:28,424 INFO com.zaxxer.hikari.HikariDataSource [restartedMain] HikariPool-1 - Start completed.
2020-05-21 21:51:28,454 INFO org.hibernate.dialect.Dialect [restartedMain] HHH000400: Using dialect: org.hibernate.dialect.PostgreSQL10Dialect
2020-05-21 21:51:29,839 DEBUG org.hibernate.engine.jdbc.spi.SqlStatementLogger [restartedMain] alter table if exists faq_query add column created_date timestamp
2020-05-21 21:51:29,852 DEBUG org.hibernate.engine.jdbc.spi.SqlStatementLogger [restartedMain] alter table if exists faq_query add column created_user varchar(255)
2020-05-21 21:51:29,852 DEBUG org.hibernate.engine.jdbc.spi.SqlStatementLogger [restartedMain] alter table if exists faq_query add column is_active boolean not null
2020-05-21 21:51:29,854 DEBUG org.hibernate.engine.jdbc.spi.SqlStatementLogger [restartedMain] alter table if exists faq_query add column is_deleted boolean not null
2020-05-21 21:51:29,856 DEBUG org.hibernate.engine.jdbc.spi.SqlStatementLogger [restartedMain] alter table if exists faq_query add column updated_date timestamp
2020-05-21 21:51:29,858 DEBUG org.hibernate.engine.jdbc.spi.SqlStatementLogger [restartedMain] alter table if exists faq_query add column updated_user varchar(255)
2020-05-21 21:51:29,859 DEBUG org.hibernate.engine.jdbc.spi.SqlStatementLogger [restartedMain] alter table if exists faq_query add column farmer_id int8 not null
2020-05-21 21:51:30,268 DEBUG org.hibernate.engine.jdbc.spi.SqlStatementLogger [restartedMain] alter table if exists faq_query add constraint FKjlara1c5lew1tra8nu4sp880t foreign key (farmer_id) references e_cotton_farmer on delete cascade
2020-05-21 21:51:30,462 INFO org.hibernate.engine.transaction.jta.platform.internal.JtaPlatformInitiator [restartedMain] HHH000490: Using JtaPlatform implementation: [org.hibernate.engine.transaction.jta.platform.internal.NoJtaPlatform]
2020-05-21 21:51:30,471 INFO org.springframework.orm.jpa.AbstractEntityManagerFactoryBean [restartedMain] Initialized JPA EntityManagerFactory for persistence unit 'default'
2020-05-21 21:51:30,509 INFO org.springframework.boot.devtools.autoconfigure.OptionalLiveReloadServer [restartedMain] LiveReload server is running on port 35729
2020-05-21 21:51:31,563 WARN org.springframework.boot.autoconfigure.orm.jpa.JpaBaseConfiguration$JpaWebConfiguration [restartedMain] spring.jpa.open-in-view is enabled by default. Therefore, database queries may be performed during view rendering. Explicitly configure spring.jpa.open-in-view to disable this warning
2020-05-21 21:51:31,997 INFO org.apache.juli.logging.DirectJDKLog [restartedMain] Starting ProtocolHandler ["http-nio-5000"]
2020-05-21 21:51:32,030 INFO org.springframework.boot.web.embedded.tomcat.TomcatWebServer [restartedMain] Tomcat started on port(s): 5000 (http) with context path ''
2020-05-21 21:51:32,035 INFO org.springframework.boot.StartupInfoLogger [restartedMain] Started ELearningApplication in 7.888 seconds (JVM running for 9.401)
2020-05-21 21:54:58,103 INFO org.springframework.orm.jpa.AbstractEntityManagerFactoryBean [Thread-7] Closing JPA EntityManagerFactory for persistence unit 'default'
2020-05-21 21:54:58,110 INFO com.zaxxer.hikari.HikariDataSource [Thread-7] HikariPool-1 - Shutdown initiated...
2020-05-21 21:54:58,150 INFO com.zaxxer.hikari.HikariDataSource [Thread-7] HikariPool-1 - Shutdown completed.
2020-05-21 21:54:58,576 INFO org.springframework.boot.StartupInfoLogger [restartedMain] Starting ELearningApplication on Dhinesh-PC with PID 16704 (C:\Users\vicky\Projects\CottonConnect\web\Server\E-Learning\target\classes started by vicky in C:\Users\vicky\Projects\CottonConnect\web\Server\E-Learning)
2020-05-21 21:54:58,577 INFO org.springframework.boot.SpringApplication [restartedMain] No active profile set, falling back to default profiles: default
2020-05-21 21:54:58,911 INFO org.springframework.data.repository.config.RepositoryConfigurationDelegate [restartedMain] Bootstrapping Spring Data JPA repositories in DEFAULT mode.
2020-05-21 21:54:59,053 INFO org.springframework.data.repository.config.RepositoryConfigurationDelegate [restartedMain] Finished Spring Data repository scanning in 140ms. Found 33 JPA repository interfaces.
2020-05-21 21:54:59,306 INFO org.springframework.boot.web.embedded.tomcat.TomcatWebServer [restartedMain] Tomcat initialized with port(s): 5000 (http)
2020-05-21 21:54:59,307 INFO org.apache.juli.logging.DirectJDKLog [restartedMain] Initializing ProtocolHandler ["http-nio-5000"]
2020-05-21 21:54:59,308 INFO org.apache.juli.logging.DirectJDKLog [restartedMain] Starting service [Tomcat]
2020-05-21 21:54:59,308 INFO org.apache.juli.logging.DirectJDKLog [restartedMain] Starting Servlet engine: [Apache Tomcat/9.0.33]
2020-05-21 21:54:59,331 INFO org.apache.juli.logging.DirectJDKLog [restartedMain] Initializing Spring embedded WebApplicationContext
2020-05-21 21:54:59,331 INFO org.springframework.boot.web.servlet.context.ServletWebServerApplicationContext [restartedMain] Root WebApplicationContext: initialization completed in 750 ms
2020-05-21 21:54:59,415 INFO org.hibernate.jpa.internal.util.LogHelper [restartedMain] HHH000204: Processing PersistenceUnitInfo [name: default]
2020-05-21 21:54:59,423 INFO com.zaxxer.hikari.HikariDataSource [restartedMain] HikariPool-2 - Starting...
2020-05-21 21:54:59,473 INFO com.zaxxer.hikari.HikariDataSource [restartedMain] HikariPool-2 - Start completed.
2020-05-21 21:54:59,473 INFO org.hibernate.dialect.Dialect [restartedMain] HHH000400: Using dialect: org.hibernate.dialect.PostgreSQL10Dialect
2020-05-21 21:55:00,554 INFO org.hibernate.engine.transaction.jta.platform.internal.JtaPlatformInitiator [restartedMain] HHH000490: Using JtaPlatform implementation: [org.hibernate.engine.transaction.jta.platform.internal.NoJtaPlatform]
2020-05-21 21:55:00,554 INFO org.springframework.orm.jpa.AbstractEntityManagerFactoryBean [restartedMain] Initialized JPA EntityManagerFactory for persistence unit 'default'
2020-05-21 21:55:00,568 INFO org.springframework.boot.devtools.autoconfigure.OptionalLiveReloadServer [restartedMain] LiveReload server is running on port 35729
2020-05-21 21:55:01,070 WARN org.springframework.boot.autoconfigure.orm.jpa.JpaBaseConfiguration$JpaWebConfiguration [restartedMain] spring.jpa.open-in-view is enabled by default. Therefore, database queries may be performed during view rendering. Explicitly configure spring.jpa.open-in-view to disable this warning
2020-05-21 21:55:01,237 INFO org.apache.juli.logging.DirectJDKLog [restartedMain] Starting ProtocolHandler ["http-nio-5000"]
2020-05-21 21:55:01,242 INFO org.springframework.boot.web.embedded.tomcat.TomcatWebServer [restartedMain] Tomcat started on port(s): 5000 (http) with context path ''
2020-05-21 21:55:01,243 INFO org.springframework.boot.StartupInfoLogger [restartedMain] Started ELearningApplication in 2.714 seconds (JVM running for 218.609)
2020-05-21 21:55:01,247 INFO org.springframework.boot.devtools.autoconfigure.ConditionEvaluationDeltaLoggingListener [restartedMain] Condition evaluation unchanged
2020-05-21 21:57:13,101 INFO org.apache.juli.logging.DirectJDKLog [http-nio-5000-exec-1] Initializing Spring DispatcherServlet 'dispatcherServlet'
2020-05-21 21:57:13,102 INFO org.springframework.web.servlet.FrameworkServlet [http-nio-5000-exec-1] Initializing Servlet 'dispatcherServlet'
2020-05-21 21:57:13,117 INFO org.springframework.web.servlet.FrameworkServlet [http-nio-5000-exec-1] Completed initialization in 15 ms
2020-05-21 21:57:13,333 DEBUG org.hibernate.engine.jdbc.spi.SqlStatementLogger [http-nio-5000-exec-1] select faqquery0_.id as id1_15_, faqquery0_.created_date as created_2_15_, faqquery0_.created_user as created_3_15_, faqquery0_.is_active as is_activ4_15_, faqquery0_.is_deleted as is_delet5_15_, faqquery0_.updated_date as updated_6_15_, faqquery0_.updated_user as updated_7_15_, faqquery0_.farmer_id as farmer_i9_15_, faqquery0_.query as query8_15_ from faq_query faqquery0_ limit ?
2020-05-21 21:57:23,871 DEBUG org.hibernate.engine.jdbc.spi.SqlStatementLogger [http-nio-5000-exec-3] select nextval ('country_seq')
2020-05-21 21:57:23,931 DEBUG org.hibernate.engine.jdbc.spi.SqlStatementLogger [http-nio-5000-exec-3] insert into country (created_date, created_user, is_active, is_deleted, updated_date, updated_user, code, name, id) values (?, ?, ?, ?, ?, ?, ?, ?, ?)
2020-05-21 21:57:23,936 TRACE org.hibernate.type.descriptor.sql.BasicBinder [http-nio-5000-exec-3] binding parameter [1] as [TIMESTAMP] - [Thu May 21 21:57:23 IST 2020]
2020-05-21 21:57:23,939 TRACE org.hibernate.type.descriptor.sql.BasicBinder [http-nio-5000-exec-3] binding parameter [2] as [VARCHAR] - [null]
2020-05-21 21:57:23,941 TRACE org.hibernate.type.descriptor.sql.BasicBinder [http-nio-5000-exec-3] binding parameter [3] as [BOOLEAN] - [true]
2020-05-21 21:57:23,941 TRACE org.hibernate.type.descriptor.sql.BasicBinder [http-nio-5000-exec-3] binding parameter [4] as [BOOLEAN] - [false]
2020-05-21 21:57:23,942 TRACE org.hibernate.type.descriptor.sql.BasicBinder [http-nio-5000-exec-3] binding parameter [5] as [TIMESTAMP] - [Thu May 21 21:57:23 IST 2020]
2020-05-21 21:57:23,942 TRACE org.hibernate.type.descriptor.sql.BasicBinder [http-nio-5000-exec-3] binding parameter [6] as [VARCHAR] - [null]
2020-05-21 21:57:23,943 TRACE org.hibernate.type.descriptor.sql.BasicBinder [http-nio-5000-exec-3] binding parameter [7] as [VARCHAR] - [null]
2020-05-21 21:57:23,943 TRACE org.hibernate.type.descriptor.sql.BasicBinder [http-nio-5000-exec-3] binding parameter [8] as [VARCHAR] - [null]
2020-05-21 21:57:23,944 TRACE org.hibernate.type.descriptor.sql.BasicBinder [http-nio-5000-exec-3] binding parameter [9] as [BIGINT] - [552]
2020-05-21 21:57:28,781 DEBUG org.hibernate.engine.jdbc.spi.SqlStatementLogger [http-nio-5000-exec-5] select faqquery0_.id as id1_15_, faqquery0_.created_date as created_2_15_, faqquery0_.created_user as created_3_15_, faqquery0_.is_active as is_activ4_15_, faqquery0_.is_deleted as is_delet5_15_, faqquery0_.updated_date as updated_6_15_, faqquery0_.updated_user as updated_7_15_, faqquery0_.farmer_id as farmer_i9_15_, faqquery0_.query as query8_15_ from faq_query faqquery0_ limit ?
2020-05-21 21:57:32,029 DEBUG org.hibernate.engine.jdbc.spi.SqlStatementLogger [http-nio-5000-exec-6] select subcategor0_.id as id1_24_, subcategor0_.category_id as category3_24_, subcategor0_.name as name2_24_ from sub_category subcategor0_ where subcategor0_.category_id=?
2020-05-21 21:57:32,030 TRACE org.hibernate.type.descriptor.sql.BasicBinder [http-nio-5000-exec-6] binding parameter [1] as [BIGINT] - [1]
2020-05-21 21:57:34,997 DEBUG org.hibernate.engine.jdbc.spi.SqlStatementLogger [http-nio-5000-exec-8] select faqquery0_.id as id1_15_, faqquery0_.created_date as created_2_15_, faqquery0_.created_user as created_3_15_, faqquery0_.is_active as is_activ4_15_, faqquery0_.is_deleted as is_delet5_15_, faqquery0_.updated_date as updated_6_15_, faqquery0_.updated_user as updated_7_15_, faqquery0_.farmer_id as farmer_i9_15_, faqquery0_.query as query8_15_ from faq_query faqquery0_ limit ?
2020-05-21 21:57:37,112 DEBUG org.hibernate.engine.jdbc.spi.SqlStatementLogger [http-nio-5000-exec-9] select faqquery0_.id as id1_15_, faqquery0_.created_date as created_2_15_, faqquery0_.created_user as created_3_15_, faqquery0_.is_active as is_activ4_15_, faqquery0_.is_deleted as is_delet5_15_, faqquery0_.updated_date as updated_6_15_, faqquery0_.updated_user as updated_7_15_, faqquery0_.farmer_id as farmer_i9_15_, faqquery0_.query as query8_15_ from faq_query faqquery0_ limit ?
2020-05-21 21:58:17,430 DEBUG org.hibernate.engine.jdbc.spi.SqlStatementLogger [http-nio-5000-exec-1] select faqquery0_.id as id1_15_, faqquery0_.created_date as created_2_15_, faqquery0_.created_user as created_3_15_, faqquery0_.is_active as is_activ4_15_, faqquery0_.is_deleted as is_delet5_15_, faqquery0_.updated_date as updated_6_15_, faqquery0_.updated_user as updated_7_15_, faqquery0_.farmer_id as farmer_i9_15_, faqquery0_.query as query8_15_ from faq_query faqquery0_ limit ?
2020-05-21 21:58:27,457 DEBUG org.hibernate.engine.jdbc.spi.SqlStatementLogger [http-nio-5000-exec-3] select subcategor0_.id as id1_24_, subcategor0_.category_id as category3_24_, subcategor0_.name as name2_24_ from sub_category subcategor0_ where subcategor0_.category_id=?
2020-05-21 21:58:27,459 TRACE org.hibernate.type.descriptor.sql.BasicBinder [http-nio-5000-exec-3] binding parameter [1] as [BIGINT] - [1]
2020-05-21 21:58:29,809 DEBUG org.hibernate.engine.jdbc.spi.SqlStatementLogger [http-nio-5000-exec-5] select subcategor0_.id as id1_24_, subcategor0_.category_id as category3_24_, subcategor0_.name as name2_24_ from sub_category subcategor0_ where subcategor0_.category_id=?
2020-05-21 21:58:29,811 TRACE org.hibernate.type.descriptor.sql.BasicBinder [http-nio-5000-exec-5] binding parameter [1] as [BIGINT] - [1]
2020-05-21 21:58:29,856 DEBUG org.hibernate.engine.jdbc.spi.SqlStatementLogger [http-nio-5000-exec-6] select subcategor0_.id as id1_24_0_, subcategor0_.category_id as category3_24_0_, subcategor0_.name as name2_24_0_ from sub_category subcategor0_ where subcategor0_.id=?
2020-05-21 21:58:29,859 TRACE org.hibernate.type.descriptor.sql.BasicBinder [http-nio-5000-exec-6] binding parameter [1] as [BIGINT] - [1]
2020-05-21 21:58:29,872 DEBUG org.hibernate.engine.jdbc.spi.SqlStatementLogger [http-nio-5000-exec-6] select knowledgec0_.id as id1_11_, knowledgec0_.created_date as created_2_11_, knowledgec0_.created_user as created_3_11_, knowledgec0_.is_active as is_activ4_11_, knowledgec0_.is_deleted as is_delet5_11_, knowledgec0_.updated_date as updated_6_11_, knowledgec0_.updated_user as updated_7_11_, knowledgec0_.description as descript8_11_, knowledgec0_.identification as identifi9_11_, knowledgec0_.name as name10_11_, knowledgec0_.notes as notes11_11_, knowledgec0_.sub_category_id as sub_cat14_11_, knowledgec0_.title as title12_11_, knowledgec0_.typez as typez13_11_ from eknowledge_center knowledgec0_ where knowledgec0_.sub_category_id=? limit ?
2020-05-21 21:58:29,873 TRACE org.hibernate.type.descriptor.sql.BasicBinder [http-nio-5000-exec-6] binding parameter [1] as [BIGINT] - [1]
2020-05-21 21:58:34,354 DEBUG org.hibernate.engine.jdbc.spi.SqlStatementLogger [http-nio-5000-exec-7] select faqquery0_.id as id1_15_, faqquery0_.created_date as created_2_15_, faqquery0_.created_user as created_3_15_, faqquery0_.is_active as is_activ4_15_, faqquery0_.is_deleted as is_delet5_15_, faqquery0_.updated_date as updated_6_15_, faqquery0_.updated_user as updated_7_15_, faqquery0_.farmer_id as farmer_i9_15_, faqquery0_.query as query8_15_ from faq_query faqquery0_ limit ?
2020-05-21 21:59:11,436 DEBUG org.hibernate.engine.jdbc.spi.SqlStatementLogger [http-nio-5000-exec-9] select faqquery0_.id as id1_15_, faqquery0_.created_date as created_2_15_, faqquery0_.created_user as created_3_15_, faqquery0_.is_active as is_activ4_15_, faqquery0_.is_deleted as is_delet5_15_, faqquery0_.updated_date as updated_6_15_, faqquery0_.updated_user as updated_7_15_, faqquery0_.farmer_id as farmer_i9_15_, faqquery0_.query as query8_15_ from faq_query faqquery0_ limit ?
2020-05-21 22:00:53,838 DEBUG org.hibernate.engine.jdbc.spi.SqlStatementLogger [http-nio-5000-exec-1] select faqquery0_.id as id1_15_, faqquery0_.created_date as created_2_15_, faqquery0_.created_user as created_3_15_, faqquery0_.is_active as is_activ4_15_, faqquery0_.is_deleted as is_delet5_15_, faqquery0_.updated_date as updated_6_15_, faqquery0_.updated_user as updated_7_15_, faqquery0_.farmer_id as farmer_i9_15_, faqquery0_.query as query8_15_ from faq_query faqquery0_ limit ?
2020-05-21 22:02:56,237 DEBUG org.hibernate.engine.jdbc.spi.SqlStatementLogger [http-nio-5000-exec-3] select faqquery0_.id as id1_15_, faqquery0_.created_date as created_2_15_, faqquery0_.created_user as created_3_15_, faqquery0_.is_active as is_activ4_15_, faqquery0_.is_deleted as is_delet5_15_, faqquery0_.updated_date as updated_6_15_, faqquery0_.updated_user as updated_7_15_, faqquery0_.farmer_id as farmer_i9_15_, faqquery0_.query as query8_15_ from faq_query faqquery0_ limit ?
2020-05-21 22:02:58,966 DEBUG org.hibernate.engine.jdbc.spi.SqlStatementLogger [http-nio-5000-exec-4] select faqquery0_.id as id1_15_, faqquery0_.created_date as created_2_15_, faqquery0_.created_user as created_3_15_, faqquery0_.is_active as is_activ4_15_, faqquery0_.is_deleted as is_delet5_15_, faqquery0_.updated_date as updated_6_15_, faqquery0_.updated_user as updated_7_15_, faqquery0_.farmer_id as farmer_i9_15_, faqquery0_.query as query8_15_ from faq_query faqquery0_ limit ?
2020-05-21 22:03:42,188 DEBUG org.hibernate.engine.jdbc.spi.SqlStatementLogger [http-nio-5000-exec-6] select faqquery0_.id as id1_15_, faqquery0_.created_date as created_2_15_, faqquery0_.created_user as created_3_15_, faqquery0_.is_active as is_activ4_15_, faqquery0_.is_deleted as is_delet5_15_, faqquery0_.updated_date as updated_6_15_, faqquery0_.updated_user as updated_7_15_, faqquery0_.farmer_id as farmer_i9_15_, faqquery0_.query as query8_15_ from faq_query faqquery0_ limit ?
2020-05-21 22:41:51,946 INFO org.springframework.boot.StartupInfoLogger [restartedMain] Starting ELearningApplication on Dhinesh-PC with PID 17232 (C:\Users\vicky\Projects\CottonConnect\web\Server\E-Learning\target\classes started by vicky in C:\Users\vicky\Projects\CottonConnect\web\Server\E-Learning)
2020-05-21 22:41:51,953 INFO org.springframework.boot.SpringApplication [restartedMain] No active profile set, falling back to default profiles: default
2020-05-21 22:41:52,036 INFO org.springframework.boot.logging.DeferredLog [restartedMain] The Class-Path manifest attribute in C:\Users\vicky\.m2\repository\org\glassfish\jaxb\jaxb-runtime\2.3.2\jaxb-runtime-2.3.2.jar referenced one or more files that do not exist: file:/C:/Users/vicky/.m2/repository/org/glassfish/jaxb/jaxb-runtime/2.3.2/jakarta.xml.bind-api-2.3.2.jar,file:/C:/Users/vicky/.m2/repository/org/glassfish/jaxb/jaxb-runtime/2.3.2/txw2-2.3.2.jar,file:/C:/Users/vicky/.m2/repository/org/glassfish/jaxb/jaxb-runtime/2.3.2/istack-commons-runtime-3.0.8.jar,file:/C:/Users/vicky/.m2/repository/org/glassfish/jaxb/jaxb-runtime/2.3.2/stax-ex-1.8.1.jar,file:/C:/Users/vicky/.m2/repository/org/glassfish/jaxb/jaxb-runtime/2.3.2/FastInfoset-1.2.16.jar,file:/C:/Users/vicky/.m2/repository/org/glassfish/jaxb/jaxb-runtime/2.3.2/jakarta.activation-api-1.2.1.jar
2020-05-21 22:41:52,037 INFO org.springframework.boot.logging.DeferredLog [restartedMain] Devtools property defaults active! Set 'spring.devtools.add-properties' to 'false' to disable
2020-05-21 22:41:52,037 INFO org.springframework.boot.logging.DeferredLog [restartedMain] For additional web related logging consider setting the 'logging.level.web' property to 'DEBUG'
2020-05-21 22:41:55,795 INFO org.springframework.data.repository.config.RepositoryConfigurationDelegate [restartedMain] Bootstrapping Spring Data JPA repositories in DEFAULT mode.
2020-05-21 22:41:58,002 INFO org.springframework.data.repository.config.RepositoryConfigurationDelegate [restartedMain] Finished Spring Data repository scanning in 2171ms. Found 33 JPA repository interfaces.
2020-05-21 22:42:00,823 INFO org.springframework.boot.web.embedded.tomcat.TomcatWebServer [restartedMain] Tomcat initialized with port(s): 5000 (http)
2020-05-21 22:42:00,843 INFO org.apache.juli.logging.DirectJDKLog [restartedMain] Initializing ProtocolHandler ["http-nio-5000"]
2020-05-21 22:42:00,845 INFO org.apache.juli.logging.DirectJDKLog [restartedMain] Starting service [Tomcat]
2020-05-21 22:42:00,846 INFO org.apache.juli.logging.DirectJDKLog [restartedMain] Starting Servlet engine: [Apache Tomcat/9.0.33]
2020-05-21 22:42:01,131 INFO org.apache.juli.logging.DirectJDKLog [restartedMain] Initializing Spring embedded WebApplicationContext
2020-05-21 22:42:01,132 INFO org.springframework.boot.web.servlet.context.ServletWebServerApplicationContext [restartedMain] Root WebApplicationContext: initialization completed in 9095 ms
2020-05-21 22:42:02,124 INFO org.hibernate.jpa.internal.util.LogHelper [restartedMain] HHH000204: Processing PersistenceUnitInfo [name: default]
2020-05-21 22:42:02,581 INFO org.hibernate.Version [restartedMain] HHH000412: Hibernate ORM core version 5.4.12.Final
2020-05-21 22:42:03,956 INFO org.hibernate.annotations.common.reflection.java.JavaReflectionManager [restartedMain] HCANN000001: Hibernate Commons Annotations {5.1.0.Final}
2020-05-21 22:42:04,348 INFO com.zaxxer.hikari.HikariDataSource [restartedMain] HikariPool-1 - Starting...
2020-05-21 22:42:04,742 INFO com.zaxxer.hikari.HikariDataSource [restartedMain] HikariPool-1 - Start completed.
2020-05-21 22:42:04,826 INFO org.hibernate.dialect.Dialect [restartedMain] HHH000400: Using dialect: org.hibernate.dialect.PostgreSQL10Dialect
2020-05-21 22:42:09,443 INFO org.hibernate.engine.transaction.jta.platform.internal.JtaPlatformInitiator [restartedMain] HHH000490: Using JtaPlatform implementation: [org.hibernate.engine.transaction.jta.platform.internal.NoJtaPlatform]
2020-05-21 22:42:09,456 INFO org.springframework.orm.jpa.AbstractEntityManagerFactoryBean [restartedMain] Initialized JPA EntityManagerFactory for persistence unit 'default'
2020-05-21 22:42:09,523 WARN org.springframework.boot.devtools.autoconfigure.OptionalLiveReloadServer [restartedMain] Unable to start LiveReload server
2020-05-21 22:42:11,283 WARN org.springframework.boot.autoconfigure.orm.jpa.JpaBaseConfiguration$JpaWebConfiguration [restartedMain] spring.jpa.open-in-view is enabled by default. Therefore, database queries may be performed during view rendering. Explicitly configure spring.jpa.open-in-view to disable this warning
2020-05-21 22:42:11,987 INFO org.apache.juli.logging.DirectJDKLog [restartedMain] Starting ProtocolHandler ["http-nio-5000"]
2020-05-21 22:42:12,012 INFO org.apache.juli.logging.DirectJDKLog [restartedMain] Pausing ProtocolHandler ["http-nio-5000"]
2020-05-21 22:42:12,013 INFO org.apache.juli.logging.DirectJDKLog [restartedMain] Stopping service [Tomcat]
2020-05-21 22:42:12,022 INFO org.apache.juli.logging.DirectJDKLog [restartedMain] Stopping ProtocolHandler ["http-nio-5000"]
2020-05-21 22:42:12,023 INFO org.apache.juli.logging.DirectJDKLog [restartedMain] Destroying ProtocolHandler ["http-nio-5000"]
2020-05-21 22:42:12,027 INFO org.springframework.boot.autoconfigure.logging.ConditionEvaluationReportLoggingListener [restartedMain] 

Error starting ApplicationContext. To display the conditions report re-run your application with 'debug' enabled.
2020-05-21 22:42:12,037 ERROR org.springframework.boot.diagnostics.LoggingFailureAnalysisReporter [restartedMain] 

***************************
APPLICATION FAILED TO START
***************************

Description:

Web server failed to start. Port 5000 was already in use.

Action:

Identify and stop the process that's listening on port 5000 or configure this application to listen on another port.

2020-05-21 22:42:12,051 INFO org.springframework.orm.jpa.AbstractEntityManagerFactoryBean [restartedMain] Closing JPA EntityManagerFactory for persistence unit 'default'
2020-05-21 22:42:12,056 INFO com.zaxxer.hikari.HikariDataSource [restartedMain] HikariPool-1 - Shutdown initiated...
2020-05-21 22:42:12,064 INFO com.zaxxer.hikari.HikariDataSource [restartedMain] HikariPool-1 - Shutdown completed.
2020-05-21 22:42:30,910 DEBUG org.hibernate.engine.jdbc.spi.SqlStatementLogger [http-nio-5000-exec-9] select device0_.id as id1_8_, device0_.created_date as created_2_8_, device0_.created_user as created_3_8_, device0_.is_active as is_activ4_8_, device0_.is_deleted as is_delet5_8_, device0_.updated_date as updated_6_8_, device0_.updated_user as updated_7_8_, device0_.farmer_id as farmer_13_8_, device0_.imei as imei8_8_, device0_.manufacturer as manufact9_8_, device0_.mobile_model as mobile_10_8_, device0_.os_version as os_vers11_8_, device0_.serial_no as serial_12_8_ from device device0_ where device0_.imei=?
2020-05-21 22:42:30,910 DEBUG org.hibernate.engine.jdbc.spi.SqlStatementLogger [http-nio-5000-exec-8] select farmer0_.id as id1_10_, farmer0_.created_date as created_2_10_, farmer0_.created_user as created_3_10_, farmer0_.is_active as is_activ4_10_, farmer0_.is_deleted as is_delet5_10_, farmer0_.updated_date as updated_6_10_, farmer0_.updated_user as updated_7_10_, farmer0_.country_id as country14_10_, farmer0_.country_code as country_8_10_, farmer0_.farm_group_id as farm_gr15_10_, farmer0_.farmer_code as farmer_c9_10_, farmer0_.field_executive as field_e10_10_, farmer0_.mobile_number as mobile_11_10_, farmer0_.name as name12_10_, farmer0_.programme_id as program16_10_, farmer0_.typez as typez13_10_ from e_cotton_farmer farmer0_ where farmer0_.mobile_number=?
2020-05-21 22:42:30,937 TRACE org.hibernate.type.descriptor.sql.BasicBinder [http-nio-5000-exec-9] binding parameter [1] as [VARCHAR] - [866114043055617]
2020-05-21 22:42:30,937 TRACE org.hibernate.type.descriptor.sql.BasicBinder [http-nio-5000-exec-8] binding parameter [1] as [VARCHAR] - [7708690114]
2020-05-21 22:42:30,957 DEBUG org.hibernate.engine.jdbc.spi.SqlStatementLogger [http-nio-5000-exec-9] select farmer0_.id as id1_10_, farmer0_.created_date as created_2_10_, farmer0_.created_user as created_3_10_, farmer0_.is_active as is_activ4_10_, farmer0_.is_deleted as is_delet5_10_, farmer0_.updated_date as updated_6_10_, farmer0_.updated_user as updated_7_10_, farmer0_.country_id as country14_10_, farmer0_.country_code as country_8_10_, farmer0_.farm_group_id as farm_gr15_10_, farmer0_.farmer_code as farmer_c9_10_, farmer0_.field_executive as field_e10_10_, farmer0_.mobile_number as mobile_11_10_, farmer0_.name as name12_10_, farmer0_.programme_id as program16_10_, farmer0_.typez as typez13_10_ from e_cotton_farmer farmer0_ where farmer0_.mobile_number=?
2020-05-21 22:42:30,958 TRACE org.hibernate.type.descriptor.sql.BasicBinder [http-nio-5000-exec-9] binding parameter [1] as [VARCHAR] - [7708690114]
2020-05-21 22:42:31,039 DEBUG org.hibernate.engine.jdbc.spi.SqlStatementLogger [http-nio-5000-exec-9] update device set created_date=?, created_user=?, is_active=?, is_deleted=?, updated_date=?, updated_user=?, farmer_id=?, imei=?, manufacturer=?, mobile_model=?, os_version=?, serial_no=? where id=?
2020-05-21 22:42:31,041 TRACE org.hibernate.type.descriptor.sql.BasicBinder [http-nio-5000-exec-9] binding parameter [1] as [TIMESTAMP] - [Thu May 21 22:42:30 IST 2020]
2020-05-21 22:42:31,041 TRACE org.hibernate.type.descriptor.sql.BasicBinder [http-nio-5000-exec-9] binding parameter [2] as [VARCHAR] - [7708690114]
2020-05-21 22:42:31,041 TRACE org.hibernate.type.descriptor.sql.BasicBinder [http-nio-5000-exec-9] binding parameter [3] as [BOOLEAN] - [true]
2020-05-21 22:42:31,042 TRACE org.hibernate.type.descriptor.sql.BasicBinder [http-nio-5000-exec-9] binding parameter [4] as [BOOLEAN] - [false]
2020-05-21 22:42:31,042 TRACE org.hibernate.type.descriptor.sql.BasicBinder [http-nio-5000-exec-9] binding parameter [5] as [TIMESTAMP] - [Thu May 21 22:42:30 IST 2020]
2020-05-21 22:42:31,043 TRACE org.hibernate.type.descriptor.sql.BasicBinder [http-nio-5000-exec-9] binding parameter [6] as [VARCHAR] - [7708690114]
2020-05-21 22:42:31,043 TRACE org.hibernate.type.descriptor.sql.BasicBinder [http-nio-5000-exec-9] binding parameter [7] as [BIGINT] - [1]
2020-05-21 22:42:31,044 TRACE org.hibernate.type.descriptor.sql.BasicBinder [http-nio-5000-exec-9] binding parameter [8] as [VARCHAR] - [866114043055617]
2020-05-21 22:42:31,044 TRACE org.hibernate.type.descriptor.sql.BasicBinder [http-nio-5000-exec-9] binding parameter [9] as [VARCHAR] - [OPPO]
2020-05-21 22:42:31,045 TRACE org.hibernate.type.descriptor.sql.BasicBinder [http-nio-5000-exec-9] binding parameter [10] as [VARCHAR] - [CPH1945]
2020-05-21 22:42:31,045 TRACE org.hibernate.type.descriptor.sql.BasicBinder [http-nio-5000-exec-9] binding parameter [11] as [VARCHAR] - [a5131110fe9e767b]
2020-05-21 22:42:31,045 TRACE org.hibernate.type.descriptor.sql.BasicBinder [http-nio-5000-exec-9] binding parameter [12] as [VARCHAR] - [79c986ab-3e5e-4ac9-911c-c15f9433d458]
2020-05-21 22:42:31,045 TRACE org.hibernate.type.descriptor.sql.BasicBinder [http-nio-5000-exec-9] binding parameter [13] as [BIGINT] - [52]
2020-05-21 23:07:02,242 DEBUG org.hibernate.engine.jdbc.spi.SqlStatementLogger [http-nio-5000-exec-2] select knowledgec0_.id as id1_11_, knowledgec0_.created_date as created_2_11_, knowledgec0_.created_user as created_3_11_, knowledgec0_.is_active as is_activ4_11_, knowledgec0_.is_deleted as is_delet5_11_, knowledgec0_.updated_date as updated_6_11_, knowledgec0_.updated_user as updated_7_11_, knowledgec0_.description as descript8_11_, knowledgec0_.identification as identifi9_11_, knowledgec0_.name as name10_11_, knowledgec0_.notes as notes11_11_, knowledgec0_.sub_category_id as sub_cat14_11_, knowledgec0_.title as title12_11_, knowledgec0_.typez as typez13_11_ from eknowledge_center knowledgec0_ where knowledgec0_.sub_category_id=? order by knowledgec0_.updated_date desc
2020-05-21 23:07:02,267 TRACE org.hibernate.type.descriptor.sql.BasicBinder [http-nio-5000-exec-2] binding parameter [1] as [BIGINT] - [1]
2020-05-21 23:07:02,326 DEBUG org.hibernate.engine.jdbc.spi.SqlStatementLogger [http-nio-5000-exec-2] select knowledgec0_.knowledge_center_id as knowledg3_12_0_, knowledgec0_.id as id1_12_0_, knowledgec0_.id as id1_12_1_, knowledgec0_.image_url as image_ur2_12_1_, knowledgec0_.knowledge_center_id as knowledg3_12_1_ from eknowledge_center_images knowledgec0_ where knowledgec0_.knowledge_center_id=?
2020-05-21 23:07:02,328 TRACE org.hibernate.type.descriptor.sql.BasicBinder [http-nio-5000-exec-2] binding parameter [1] as [BIGINT] - [1]
2020-05-21 23:07:03,787 DEBUG org.hibernate.engine.jdbc.spi.SqlStatementLogger [http-nio-5000-exec-4] select knowledgec0_.id as id1_11_0_, knowledgec0_.created_date as created_2_11_0_, knowledgec0_.created_user as created_3_11_0_, knowledgec0_.is_active as is_activ4_11_0_, knowledgec0_.is_deleted as is_delet5_11_0_, knowledgec0_.updated_date as updated_6_11_0_, knowledgec0_.updated_user as updated_7_11_0_, knowledgec0_.description as descript8_11_0_, knowledgec0_.identification as identifi9_11_0_, knowledgec0_.name as name10_11_0_, knowledgec0_.notes as notes11_11_0_, knowledgec0_.sub_category_id as sub_cat14_11_0_, knowledgec0_.title as title12_11_0_, knowledgec0_.typez as typez13_11_0_ from eknowledge_center knowledgec0_ where knowledgec0_.id=?
2020-05-21 23:07:03,791 TRACE org.hibernate.type.descriptor.sql.BasicBinder [http-nio-5000-exec-4] binding parameter [1] as [BIGINT] - [1]
2020-05-21 23:07:03,798 DEBUG org.hibernate.engine.jdbc.spi.SqlStatementLogger [http-nio-5000-exec-4] select knowledgec0_.knowledge_center_id as knowledg3_12_0_, knowledgec0_.id as id1_12_0_, knowledgec0_.id as id1_12_1_, knowledgec0_.image_url as image_ur2_12_1_, knowledgec0_.knowledge_center_id as knowledg3_12_1_ from eknowledge_center_images knowledgec0_ where knowledgec0_.knowledge_center_id=?
2020-05-21 23:07:03,799 TRACE org.hibernate.type.descriptor.sql.BasicBinder [http-nio-5000-exec-4] binding parameter [1] as [BIGINT] - [1]
2020-05-21 23:07:06,875 DEBUG org.hibernate.engine.jdbc.spi.SqlStatementLogger [http-nio-5000-exec-6] select knowledgec0_.id as id1_11_, knowledgec0_.created_date as created_2_11_, knowledgec0_.created_user as created_3_11_, knowledgec0_.is_active as is_activ4_11_, knowledgec0_.is_deleted as is_delet5_11_, knowledgec0_.updated_date as updated_6_11_, knowledgec0_.updated_user as updated_7_11_, knowledgec0_.description as descript8_11_, knowledgec0_.identification as identifi9_11_, knowledgec0_.name as name10_11_, knowledgec0_.notes as notes11_11_, knowledgec0_.sub_category_id as sub_cat14_11_, knowledgec0_.title as title12_11_, knowledgec0_.typez as typez13_11_ from eknowledge_center knowledgec0_ where knowledgec0_.sub_category_id=? order by knowledgec0_.updated_date desc
2020-05-21 23:07:06,877 TRACE org.hibernate.type.descriptor.sql.BasicBinder [http-nio-5000-exec-6] binding parameter [1] as [BIGINT] - [4]
2020-05-21 23:07:06,880 DEBUG org.hibernate.engine.jdbc.spi.SqlStatementLogger [http-nio-5000-exec-6] select knowledgec0_.knowledge_center_id as knowledg3_12_0_, knowledgec0_.id as id1_12_0_, knowledgec0_.id as id1_12_1_, knowledgec0_.image_url as image_ur2_12_1_, knowledgec0_.knowledge_center_id as knowledg3_12_1_ from eknowledge_center_images knowledgec0_ where knowledgec0_.knowledge_center_id=?
2020-05-21 23:07:06,881 TRACE org.hibernate.type.descriptor.sql.BasicBinder [http-nio-5000-exec-6] binding parameter [1] as [BIGINT] - [54]
